{
  "stats": {
    "suites": 1,
    "tests": 2,
    "passes": 2,
    "pending": 0,
    "failures": 0,
    "start": "2024-02-15T19:40:58.765Z",
    "end": "2024-02-15T19:41:15.693Z",
    "duration": 16928,
    "testsRegistered": 2,
    "passPercent": 100,
    "pendingPercent": 0,
    "other": 0,
    "hasOther": false,
    "skipped": 0,
    "hasSkipped": false
  },
  "results": [
    {
      "uuid": "a7e79e0d-0fc3-4673-911c-7945fc3dd840",
      "title": "",
      "fullFile": "cypress\\e2e\\repository.cy.js",
      "file": "cypress\\e2e\\repository.cy.js",
      "beforeHooks": [],
      "afterHooks": [],
      "tests": [],
      "suites": [
        {
          "uuid": "b8bc923e-e94c-40c8-a89c-29a3c4269fcc",
          "title": "Cenário Repositório ",
          "fullFile": "",
          "file": "",
          "beforeHooks": [],
          "afterHooks": [],
          "tests": [
            {
              "title": "Confirmando campos internos da área de criação de Repositórios",
              "fullTitle": "Cenário Repositório  Confirmando campos internos da área de criação de Repositórios",
              "timedOut": null,
              "duration": 10339,
              "state": "passed",
              "speed": "slow",
              "pass": true,
              "fail": false,
              "pending": false,
              "context": null,
              "code": "cy.createRepository();",
              "err": {},
              "uuid": "f97bab90-0009-4f03-87f3-cf75676a10a6",
              "parentUUID": "b8bc923e-e94c-40c8-a89c-29a3c4269fcc",
              "isHook": false,
              "skipped": false
            },
            {
              "title": "Confirmando campos cabeçalho área de criação de Repositórios",
              "fullTitle": "Cenário Repositório  Confirmando campos cabeçalho área de criação de Repositórios",
              "timedOut": null,
              "duration": 6134,
              "state": "passed",
              "speed": "medium",
              "pass": true,
              "fail": false,
              "pending": false,
              "context": null,
              "code": "cy.ConfirmHeaderCreate();",
              "err": {},
              "uuid": "2198618c-00f4-4d1c-8f15-0c0efe29a820",
              "parentUUID": "b8bc923e-e94c-40c8-a89c-29a3c4269fcc",
              "isHook": false,
              "skipped": false
            }
          ],
          "suites": [],
          "passes": [
            "f97bab90-0009-4f03-87f3-cf75676a10a6",
            "2198618c-00f4-4d1c-8f15-0c0efe29a820"
          ],
          "failures": [],
          "pending": [],
          "skipped": [],
          "duration": 16473,
          "root": false,
          "rootEmpty": false,
          "_timeout": 2000
        }
      ],
      "passes": [],
      "failures": [],
      "pending": [],
      "skipped": [],
      "duration": 0,
      "root": true,
      "rootEmpty": true,
      "_timeout": 2000
    }
  ],
  "meta": {
    "mocha": {
      "version": "7.0.1"
    },
    "mochawesome": {
      "options": {
        "quiet": true,
        "reportFilename": "mochawesome",
        "saveHtml": true,
        "saveJson": true,
        "consoleReporter": "spec",
        "useInlineDiffs": false,
        "code": true
      },
      "version": "7.1.3"
    },
    "marge": {
      "options": {
        "reportDir": "cypress/reports/15-02-2024_16-40-15",
        "quiet": true,
        "overwrite": false,
        "html": true,
        "json": true
      },
      "version": "6.2.0"
    }
  }
}