{
  "stats": {
    "suites": 1,
    "tests": 3,
    "passes": 3,
    "pending": 0,
    "failures": 0,
    "start": "2024-02-16T12:51:16.466Z",
    "end": "2024-02-16T12:51:45.082Z",
    "duration": 28616,
    "testsRegistered": 3,
    "passPercent": 100,
    "pendingPercent": 0,
    "other": 0,
    "hasOther": false,
    "skipped": 0,
    "hasSkipped": false
  },
  "results": [
    {
      "uuid": "eef4edab-9570-41b4-b73e-64504c3b7428",
      "title": "",
      "fullFile": "cypress\\e2e\\login.cy.js",
      "file": "cypress\\e2e\\login.cy.js",
      "beforeHooks": [],
      "afterHooks": [],
      "tests": [],
      "suites": [
        {
          "uuid": "35bc23ef-9709-46f6-9b3b-3aa03b6e043a",
          "title": "Cenário Login",
          "fullFile": "",
          "file": "",
          "beforeHooks": [],
          "afterHooks": [],
          "tests": [
            {
              "title": "Fluxos de Login",
              "fullTitle": "Cenário Login Fluxos de Login",
              "timedOut": null,
              "duration": 12171,
              "state": "passed",
              "speed": "slow",
              "pass": true,
              "fail": false,
              "pending": false,
              "context": null,
              "code": "cy.login();",
              "err": {},
              "uuid": "bfca411c-9c3d-438a-93a6-df0f7590239b",
              "parentUUID": "35bc23ef-9709-46f6-9b3b-3aa03b6e043a",
              "isHook": false,
              "skipped": false
            },
            {
              "title": "Login Usuário Inválido",
              "fullTitle": "Cenário Login Login Usuário Inválido",
              "timedOut": null,
              "duration": 7502,
              "state": "passed",
              "speed": "medium",
              "pass": true,
              "fail": false,
              "pending": false,
              "context": null,
              "code": "cy.loginUsuárioInválido();",
              "err": {},
              "uuid": "83d701fe-8329-4156-b199-1e1d4ef2530e",
              "parentUUID": "35bc23ef-9709-46f6-9b3b-3aa03b6e043a",
              "isHook": false,
              "skipped": false
            },
            {
              "title": "Login Senha Inválida",
              "fullTitle": "Cenário Login Login Senha Inválida",
              "timedOut": null,
              "duration": 8252,
              "state": "passed",
              "speed": "medium",
              "pass": true,
              "fail": false,
              "pending": false,
              "context": null,
              "code": "cy.loginSenhaInvalida();",
              "err": {},
              "uuid": "781640e5-a7bc-4b86-83d8-38df1468db6f",
              "parentUUID": "35bc23ef-9709-46f6-9b3b-3aa03b6e043a",
              "isHook": false,
              "skipped": false
            }
          ],
          "suites": [],
          "passes": [
            "bfca411c-9c3d-438a-93a6-df0f7590239b",
            "83d701fe-8329-4156-b199-1e1d4ef2530e",
            "781640e5-a7bc-4b86-83d8-38df1468db6f"
          ],
          "failures": [],
          "pending": [],
          "skipped": [],
          "duration": 27925,
          "root": false,
          "rootEmpty": false,
          "_timeout": 2000
        }
      ],
      "passes": [],
      "failures": [],
      "pending": [],
      "skipped": [],
      "duration": 0,
      "root": true,
      "rootEmpty": true,
      "_timeout": 2000
    }
  ],
  "meta": {
    "mocha": {
      "version": "7.0.1"
    },
    "mochawesome": {
      "options": {
        "quiet": true,
        "reportFilename": "mochawesome",
        "saveHtml": true,
        "saveJson": true,
        "consoleReporter": "spec",
        "useInlineDiffs": false,
        "code": true
      },
      "version": "7.1.3"
    },
    "marge": {
      "options": {
        "reportDir": "cypress/reports/16-02-2024_09-50-48",
        "quiet": true,
        "overwrite": false,
        "html": true,
        "json": true
      },
      "version": "6.2.0"
    }
  }
}