{
  "stats": {
    "suites": 1,
    "tests": 1,
    "passes": 1,
    "pending": 0,
    "failures": 0,
    "start": "2024-02-13T01:54:35.957Z",
    "end": "2024-02-13T01:54:44.378Z",
    "duration": 8421,
    "testsRegistered": 1,
    "passPercent": 100,
    "pendingPercent": 0,
    "other": 0,
    "hasOther": false,
    "skipped": 0,
    "hasSkipped": false
  },
  "results": [
    {
      "uuid": "4d88becc-1b23-4f71-b824-a3df44ec163f",
      "title": "",
      "fullFile": "cypress\\e2e\\nav.cy.js",
      "file": "cypress\\e2e\\nav.cy.js",
      "beforeHooks": [],
      "afterHooks": [],
      "tests": [],
      "suites": [
        {
          "uuid": "4f961be7-090c-40ca-91c7-971b4b7cb3c7",
          "title": "Cenário Repositório ",
          "fullFile": "",
          "file": "",
          "beforeHooks": [],
          "afterHooks": [],
          "tests": [
            {
              "title": "Navegação Sidebar",
              "fullTitle": "Cenário Repositório  Navegação Sidebar",
              "timedOut": null,
              "duration": 8293,
              "state": "passed",
              "speed": "medium",
              "pass": true,
              "fail": false,
              "pending": false,
              "context": null,
              "code": "cy.navSidebarProfile();",
              "err": {},
              "uuid": "386589af-8aa7-43ec-9867-74e5e3611fbf",
              "parentUUID": "4f961be7-090c-40ca-91c7-971b4b7cb3c7",
              "isHook": false,
              "skipped": false
            }
          ],
          "suites": [],
          "passes": [
            "386589af-8aa7-43ec-9867-74e5e3611fbf"
          ],
          "failures": [],
          "pending": [],
          "skipped": [],
          "duration": 8293,
          "root": false,
          "rootEmpty": false,
          "_timeout": 2000
        }
      ],
      "passes": [],
      "failures": [],
      "pending": [],
      "skipped": [],
      "duration": 0,
      "root": true,
      "rootEmpty": true,
      "_timeout": 2000
    }
  ],
  "meta": {
    "mocha": {
      "version": "7.0.1"
    },
    "mochawesome": {
      "options": {
        "quiet": true,
        "reportFilename": "mochawesome",
        "saveHtml": true,
        "saveJson": true,
        "consoleReporter": "spec",
        "useInlineDiffs": false,
        "code": true
      },
      "version": "7.1.3"
    },
    "marge": {
      "options": {
        "reportDir": "cypress/reports/12-02-2024_22-53-28",
        "quiet": true,
        "overwrite": false,
        "html": true,
        "json": true
      },
      "version": "6.2.0"
    }
  }
}