{
  "stats": {
    "suites": 1,
    "tests": 1,
    "passes": 1,
    "pending": 0,
    "failures": 0,
    "start": "2024-02-13T01:51:07.281Z",
    "end": "2024-02-13T01:51:16.067Z",
    "duration": 8786,
    "testsRegistered": 1,
    "passPercent": 100,
    "pendingPercent": 0,
    "other": 0,
    "hasOther": false,
    "skipped": 0,
    "hasSkipped": false
  },
  "results": [
    {
      "uuid": "c222096e-9510-4f6c-9a76-c839f968389f",
      "title": "",
      "fullFile": "cypress\\e2e\\nav.cy.js",
      "file": "cypress\\e2e\\nav.cy.js",
      "beforeHooks": [],
      "afterHooks": [],
      "tests": [],
      "suites": [
        {
          "uuid": "246c19b5-2e9a-46ee-b08d-f91192756f0b",
          "title": "Cenário Repositório ",
          "fullFile": "",
          "file": "",
          "beforeHooks": [],
          "afterHooks": [],
          "tests": [
            {
              "title": "Navegação Sidebar",
              "fullTitle": "Cenário Repositório  Navegação Sidebar",
              "timedOut": null,
              "duration": 8550,
              "state": "passed",
              "speed": "medium",
              "pass": true,
              "fail": false,
              "pending": false,
              "context": null,
              "code": "cy.navSidebarProfile();",
              "err": {},
              "uuid": "5e4f18f8-65ab-46bd-91bb-17489a48208b",
              "parentUUID": "246c19b5-2e9a-46ee-b08d-f91192756f0b",
              "isHook": false,
              "skipped": false
            }
          ],
          "suites": [],
          "passes": [
            "5e4f18f8-65ab-46bd-91bb-17489a48208b"
          ],
          "failures": [],
          "pending": [],
          "skipped": [],
          "duration": 8550,
          "root": false,
          "rootEmpty": false,
          "_timeout": 2000
        }
      ],
      "passes": [],
      "failures": [],
      "pending": [],
      "skipped": [],
      "duration": 0,
      "root": true,
      "rootEmpty": true,
      "_timeout": 2000
    }
  ],
  "meta": {
    "mocha": {
      "version": "7.0.1"
    },
    "mochawesome": {
      "options": {
        "quiet": true,
        "reportFilename": "mochawesome",
        "saveHtml": true,
        "saveJson": true,
        "consoleReporter": "spec",
        "useInlineDiffs": false,
        "code": true
      },
      "version": "7.1.3"
    },
    "marge": {
      "options": {
        "reportDir": "cypress/reports/12-02-2024_22-50-20",
        "quiet": true,
        "overwrite": false,
        "html": true,
        "json": true
      },
      "version": "6.2.0"
    }
  }
}