{
  "stats": {
    "suites": 1,
    "tests": 3,
    "passes": 3,
    "pending": 0,
    "failures": 0,
    "start": "2024-02-16T12:37:20.558Z",
    "end": "2024-02-16T12:39:42.021Z",
    "duration": 141463,
    "testsRegistered": 3,
    "passPercent": 100,
    "pendingPercent": 0,
    "other": 0,
    "hasOther": false,
    "skipped": 0,
    "hasSkipped": false
  },
  "results": [
    {
      "uuid": "1fb2f4b9-f64f-4555-8fda-15798f854760",
      "title": "",
      "fullFile": "cypress\\e2e\\login.cy.js",
      "file": "cypress\\e2e\\login.cy.js",
      "beforeHooks": [],
      "afterHooks": [],
      "tests": [],
      "suites": [
        {
          "uuid": "56df4a86-bb3d-47c8-a628-08741539daef",
          "title": "Cenário Login",
          "fullFile": "",
          "file": "",
          "beforeHooks": [],
          "afterHooks": [],
          "tests": [
            {
              "title": "Fluxos de Login",
              "fullTitle": "Cenário Login Fluxos de Login",
              "timedOut": null,
              "duration": 37084,
              "state": "passed",
              "speed": "slow",
              "pass": true,
              "fail": false,
              "pending": false,
              "context": null,
              "code": "cy.login();\ncy.wait(5);",
              "err": {},
              "uuid": "2944ee9f-1c8f-4a6f-ba1f-34563323d37c",
              "parentUUID": "56df4a86-bb3d-47c8-a628-08741539daef",
              "isHook": false,
              "skipped": false
            },
            {
              "title": "Login Usuário Inválido",
              "fullTitle": "Cenário Login Login Usuário Inválido",
              "timedOut": null,
              "duration": 45322,
              "state": "passed",
              "speed": "slow",
              "pass": true,
              "fail": false,
              "pending": false,
              "context": null,
              "code": "cy.loginUsuárioInválido();\ncy.wait(5);",
              "err": {},
              "uuid": "4222fc36-c8df-4c6c-98a8-592a348da4c0",
              "parentUUID": "56df4a86-bb3d-47c8-a628-08741539daef",
              "isHook": false,
              "skipped": false
            },
            {
              "title": "Login Senha Inválida",
              "fullTitle": "Cenário Login Login Senha Inválida",
              "timedOut": null,
              "duration": 57246,
              "state": "passed",
              "speed": "slow",
              "pass": true,
              "fail": false,
              "pending": false,
              "context": null,
              "code": "cy.loginSenhaInvalida();\ncy.wait(5);",
              "err": {},
              "uuid": "0af2db99-f5e8-4f12-8a2f-6fb704faeaa8",
              "parentUUID": "56df4a86-bb3d-47c8-a628-08741539daef",
              "isHook": false,
              "skipped": false
            }
          ],
          "suites": [],
          "passes": [
            "2944ee9f-1c8f-4a6f-ba1f-34563323d37c",
            "4222fc36-c8df-4c6c-98a8-592a348da4c0",
            "0af2db99-f5e8-4f12-8a2f-6fb704faeaa8"
          ],
          "failures": [],
          "pending": [],
          "skipped": [],
          "duration": 139652,
          "root": false,
          "rootEmpty": false,
          "_timeout": 2000
        }
      ],
      "passes": [],
      "failures": [],
      "pending": [],
      "skipped": [],
      "duration": 0,
      "root": true,
      "rootEmpty": true,
      "_timeout": 2000
    }
  ],
  "meta": {
    "mocha": {
      "version": "7.0.1"
    },
    "mochawesome": {
      "options": {
        "quiet": true,
        "reportFilename": "mochawesome",
        "saveHtml": true,
        "saveJson": true,
        "consoleReporter": "spec",
        "useInlineDiffs": false,
        "code": true
      },
      "version": "7.1.3"
    },
    "marge": {
      "options": {
        "reportDir": "cypress/reports/16-02-2024_09-35-46",
        "quiet": true,
        "overwrite": false,
        "html": true,
        "json": true
      },
      "version": "6.2.0"
    }
  }
}