{
  "stats": {
    "suites": 1,
    "tests": 1,
    "passes": 0,
    "pending": 0,
    "failures": 1,
    "start": "2024-02-15T20:18:46.019Z",
    "end": "2024-02-15T20:18:46.414Z",
    "duration": 395,
    "testsRegistered": 2,
    "passPercent": 0,
    "pendingPercent": 0,
    "other": 0,
    "hasOther": false,
    "skipped": 1,
    "hasSkipped": true
  },
  "results": [
    {
      "uuid": "0931b14e-f8d4-4624-bb38-0334c4c4524b",
      "title": "",
      "fullFile": "cypress\\e2e\\repository.cy.js",
      "file": "cypress\\e2e\\repository.cy.js",
      "beforeHooks": [],
      "afterHooks": [],
      "tests": [],
      "suites": [
        {
          "uuid": "a935bb8b-986a-49d7-ace9-7c162982c9bb",
          "title": "Cenário Repositório ",
          "fullFile": "",
          "file": "",
          "beforeHooks": [],
          "afterHooks": [],
          "tests": [
            {
              "title": "Confirmando campos internos da área de criação de Repositórios",
              "fullTitle": "Cenário Repositório  Confirmando campos internos da área de criação de Repositórios",
              "timedOut": null,
              "duration": 269,
              "state": "failed",
              "speed": null,
              "pass": false,
              "fail": true,
              "pending": false,
              "context": null,
              "code": "cy.createRepository();",
              "err": {
                "message": "ReferenceError: cypress is not defined\n\nBecause this error occurred during a `before each` hook we are skipping the remaining tests in the current suite: `Cenário Repositório `",
                "estack": "ReferenceError: cypress is not defined\n\nBecause this error occurred during a `before each` hook we are skipping the remaining tests in the current suite: `Cenário Repositório `\n    at Context.eval (webpack://yes/./cypress/support/Test Black Box/login.js:4:75)",
                "diff": null
              },
              "uuid": "80ab3e3c-01c4-4e4c-bce4-547587177e98",
              "parentUUID": "a935bb8b-986a-49d7-ace9-7c162982c9bb",
              "isHook": false,
              "skipped": false
            },
            {
              "title": "Confirmando campos cabeçalho área de criação de Repositórios",
              "fullTitle": "Cenário Repositório  Confirmando campos cabeçalho área de criação de Repositórios",
              "timedOut": null,
              "duration": 0,
              "state": "skipped",
              "speed": null,
              "pass": false,
              "fail": false,
              "pending": false,
              "context": null,
              "code": "cy.ConfirmHeaderCreate();",
              "err": {},
              "uuid": "14563640-d6ee-46ed-89a1-2c8732dc78fe",
              "parentUUID": "a935bb8b-986a-49d7-ace9-7c162982c9bb",
              "isHook": false,
              "skipped": true
            }
          ],
          "suites": [],
          "passes": [],
          "failures": [
            "80ab3e3c-01c4-4e4c-bce4-547587177e98"
          ],
          "pending": [],
          "skipped": [
            "14563640-d6ee-46ed-89a1-2c8732dc78fe"
          ],
          "duration": 269,
          "root": false,
          "rootEmpty": false,
          "_timeout": 2000
        }
      ],
      "passes": [],
      "failures": [],
      "pending": [],
      "skipped": [],
      "duration": 0,
      "root": true,
      "rootEmpty": true,
      "_timeout": 2000
    }
  ],
  "meta": {
    "mocha": {
      "version": "7.0.1"
    },
    "mochawesome": {
      "options": {
        "quiet": true,
        "reportFilename": "mochawesome",
        "saveHtml": true,
        "saveJson": true,
        "consoleReporter": "spec",
        "useInlineDiffs": false,
        "code": true
      },
      "version": "7.1.3"
    },
    "marge": {
      "options": {
        "reportDir": "cypress/reports/15-02-2024_17-18-03",
        "quiet": true,
        "overwrite": false,
        "html": true,
        "json": true
      },
      "version": "6.2.0"
    }
  }
}