{
  "stats": {
    "suites": 1,
    "tests": 3,
    "passes": 2,
    "pending": 0,
    "failures": 1,
    "start": "2024-02-15T20:18:23.632Z",
    "end": "2024-02-15T20:18:38.258Z",
    "duration": 14626,
    "testsRegistered": 3,
    "passPercent": 66.66666666666666,
    "pendingPercent": 0,
    "other": 0,
    "hasOther": false,
    "skipped": 0,
    "hasSkipped": false
  },
  "results": [
    {
      "uuid": "9eeac588-4ecc-48a8-8e42-3408ee200da2",
      "title": "",
      "fullFile": "cypress\\e2e\\login.cy.js",
      "file": "cypress\\e2e\\login.cy.js",
      "beforeHooks": [],
      "afterHooks": [],
      "tests": [],
      "suites": [
        {
          "uuid": "3e57bc40-620c-450d-8dd1-827d8d7ea01c",
          "title": "Cenário Login",
          "fullFile": "",
          "file": "",
          "beforeHooks": [],
          "afterHooks": [],
          "tests": [
            {
              "title": "Fluxos de Login",
              "fullTitle": "Cenário Login Fluxos de Login",
              "timedOut": null,
              "duration": 372,
              "state": "failed",
              "speed": null,
              "pass": false,
              "fail": true,
              "pending": false,
              "context": null,
              "code": "cy.login();\ncy.wait(5);",
              "err": {
                "message": "ReferenceError: cypress is not defined",
                "estack": "ReferenceError: cypress is not defined\n    at Context.eval (webpack://yes/./cypress/support/Test Black Box/login.js:4:75)",
                "diff": null
              },
              "uuid": "ceee287d-a789-4cd6-a5e9-87e90290b979",
              "parentUUID": "3e57bc40-620c-450d-8dd1-827d8d7ea01c",
              "isHook": false,
              "skipped": false
            },
            {
              "title": "Login Usuário Inválido",
              "fullTitle": "Cenário Login Login Usuário Inválido",
              "timedOut": null,
              "duration": 8939,
              "state": "passed",
              "speed": "medium",
              "pass": true,
              "fail": false,
              "pending": false,
              "context": null,
              "code": "cy.loginUsuárioInválido();\ncy.wait(5);",
              "err": {},
              "uuid": "ee4b1f44-1f9b-41cf-a84b-306967446f33",
              "parentUUID": "3e57bc40-620c-450d-8dd1-827d8d7ea01c",
              "isHook": false,
              "skipped": false
            },
            {
              "title": "Login Senha Inválida",
              "fullTitle": "Cenário Login Login Senha Inválida",
              "timedOut": null,
              "duration": 5055,
              "state": "passed",
              "speed": "medium",
              "pass": true,
              "fail": false,
              "pending": false,
              "context": null,
              "code": "cy.loginSenhaInvalida();\ncy.wait(5);",
              "err": {},
              "uuid": "266572de-08c4-4a35-b6f9-0668404bf803",
              "parentUUID": "3e57bc40-620c-450d-8dd1-827d8d7ea01c",
              "isHook": false,
              "skipped": false
            }
          ],
          "suites": [],
          "passes": [
            "ee4b1f44-1f9b-41cf-a84b-306967446f33",
            "266572de-08c4-4a35-b6f9-0668404bf803"
          ],
          "failures": [
            "ceee287d-a789-4cd6-a5e9-87e90290b979"
          ],
          "pending": [],
          "skipped": [],
          "duration": 14366,
          "root": false,
          "rootEmpty": false,
          "_timeout": 2000
        }
      ],
      "passes": [],
      "failures": [],
      "pending": [],
      "skipped": [],
      "duration": 0,
      "root": true,
      "rootEmpty": true,
      "_timeout": 2000
    }
  ],
  "meta": {
    "mocha": {
      "version": "7.0.1"
    },
    "mochawesome": {
      "options": {
        "quiet": true,
        "reportFilename": "mochawesome",
        "saveHtml": true,
        "saveJson": true,
        "consoleReporter": "spec",
        "useInlineDiffs": false,
        "code": true
      },
      "version": "7.1.3"
    },
    "marge": {
      "options": {
        "reportDir": "cypress/reports/15-02-2024_17-18-03",
        "quiet": true,
        "overwrite": false,
        "html": true,
        "json": true
      },
      "version": "6.2.0"
    }
  }
}