{
  "stats": {
    "suites": 1,
    "tests": 3,
    "passes": 3,
    "pending": 0,
    "failures": 0,
    "start": "2024-02-15T17:23:00.454Z",
    "end": "2024-02-15T17:23:15.892Z",
    "duration": 15438,
    "testsRegistered": 3,
    "passPercent": 100,
    "pendingPercent": 0,
    "other": 0,
    "hasOther": false,
    "skipped": 0,
    "hasSkipped": false
  },
  "results": [
    {
      "uuid": "ee28d9bd-be74-4f6d-b244-d40a78ddca57",
      "title": "",
      "fullFile": "cypress\\e2e\\login.cy.js",
      "file": "cypress\\e2e\\login.cy.js",
      "beforeHooks": [],
      "afterHooks": [],
      "tests": [],
      "suites": [
        {
          "uuid": "5327c9cd-e6f6-4294-986e-babe8ad07976",
          "title": "Cenário Login",
          "fullFile": "",
          "file": "",
          "beforeHooks": [],
          "afterHooks": [],
          "tests": [
            {
              "title": "Fluxos de Login",
              "fullTitle": "Cenário Login Fluxos de Login",
              "timedOut": null,
              "duration": 8227,
              "state": "passed",
              "speed": "medium",
              "pass": true,
              "fail": false,
              "pending": false,
              "context": null,
              "code": "cy.login();\ncy.wait(5);",
              "err": {},
              "uuid": "12b1260c-e89e-4365-9adc-d5f12963a9bd",
              "parentUUID": "5327c9cd-e6f6-4294-986e-babe8ad07976",
              "isHook": false,
              "skipped": false
            },
            {
              "title": "Login Usuário Inválido",
              "fullTitle": "Cenário Login Login Usuário Inválido",
              "timedOut": null,
              "duration": 3388,
              "state": "passed",
              "speed": "fast",
              "pass": true,
              "fail": false,
              "pending": false,
              "context": null,
              "code": "cy.loginUsuárioInválido();\ncy.wait(5);",
              "err": {},
              "uuid": "d964dd7a-e63d-4502-be14-cedd4b5c7ce2",
              "parentUUID": "5327c9cd-e6f6-4294-986e-babe8ad07976",
              "isHook": false,
              "skipped": false
            },
            {
              "title": "Login Senha Inválida",
              "fullTitle": "Cenário Login Login Senha Inválida",
              "timedOut": null,
              "duration": 3621,
              "state": "passed",
              "speed": "fast",
              "pass": true,
              "fail": false,
              "pending": false,
              "context": null,
              "code": "cy.loginSenhaInvalida();\ncy.wait(5);",
              "err": {},
              "uuid": "a00827ff-03c2-4535-90d3-a148d9872024",
              "parentUUID": "5327c9cd-e6f6-4294-986e-babe8ad07976",
              "isHook": false,
              "skipped": false
            }
          ],
          "suites": [],
          "passes": [
            "12b1260c-e89e-4365-9adc-d5f12963a9bd",
            "d964dd7a-e63d-4502-be14-cedd4b5c7ce2",
            "a00827ff-03c2-4535-90d3-a148d9872024"
          ],
          "failures": [],
          "pending": [],
          "skipped": [],
          "duration": 15236,
          "root": false,
          "rootEmpty": false,
          "_timeout": 2000
        }
      ],
      "passes": [],
      "failures": [],
      "pending": [],
      "skipped": [],
      "duration": 0,
      "root": true,
      "rootEmpty": true,
      "_timeout": 2000
    }
  ],
  "meta": {
    "mocha": {
      "version": "7.0.1"
    },
    "mochawesome": {
      "options": {
        "quiet": true,
        "reportFilename": "mochawesome",
        "saveHtml": true,
        "saveJson": true,
        "consoleReporter": "spec",
        "useInlineDiffs": false,
        "code": true
      },
      "version": "7.1.3"
    },
    "marge": {
      "options": {
        "reportDir": "cypress/reports/15-02-2024_14-22-33",
        "quiet": true,
        "overwrite": false,
        "html": true,
        "json": true
      },
      "version": "6.2.0"
    }
  }
}