{
  "stats": {
    "suites": 1,
    "tests": 1,
    "passes": 0,
    "pending": 0,
    "failures": 1,
    "start": "2024-02-11T15:05:59.781Z",
    "end": "2024-02-11T15:06:10.102Z",
    "duration": 10321,
    "testsRegistered": 1,
    "passPercent": 0,
    "pendingPercent": 0,
    "other": 0,
    "hasOther": false,
    "skipped": 0,
    "hasSkipped": false
  },
  "results": [
    {
      "uuid": "b9eabbfb-cfdb-414a-9be9-8926f49f94b7",
      "title": "",
      "fullFile": "cypress\\e2e\\repository.cy.js",
      "file": "cypress\\e2e\\repository.cy.js",
      "beforeHooks": [],
      "afterHooks": [],
      "tests": [],
      "suites": [
        {
          "uuid": "efbea633-1c00-456c-8106-743a451ea39b",
          "title": "Cenário Repositório ",
          "fullFile": "",
          "file": "",
          "beforeHooks": [],
          "afterHooks": [],
          "tests": [
            {
              "title": "Criando Repositório",
              "fullTitle": "Cenário Repositório  Criando Repositório",
              "timedOut": null,
              "duration": 10238,
              "state": "failed",
              "speed": null,
              "pass": false,
              "fail": true,
              "pending": false,
              "context": null,
              "code": "cy.createRepository();\ncy.ConfirmFieldsCreate();",
              "err": {
                "message": "AssertionError: Timed out retrying after 4000ms: Expected to find element: `#repository\\[name\\]`, but never found it.",
                "estack": "AssertionError: Timed out retrying after 4000ms: Expected to find element: `#repository\\[name\\]`, but never found it.\n    at Context.eval (webpack://yes/./cypress/support/Test Black Box/repository.js:9:7)",
                "diff": null
              },
              "uuid": "a6f237a7-e852-4bc3-be2a-165d094a5122",
              "parentUUID": "efbea633-1c00-456c-8106-743a451ea39b",
              "isHook": false,
              "skipped": false
            }
          ],
          "suites": [],
          "passes": [],
          "failures": [
            "a6f237a7-e852-4bc3-be2a-165d094a5122"
          ],
          "pending": [],
          "skipped": [],
          "duration": 10238,
          "root": false,
          "rootEmpty": false,
          "_timeout": 2000
        }
      ],
      "passes": [],
      "failures": [],
      "pending": [],
      "skipped": [],
      "duration": 0,
      "root": true,
      "rootEmpty": true,
      "_timeout": 2000
    }
  ],
  "meta": {
    "mocha": {
      "version": "7.0.1"
    },
    "mochawesome": {
      "options": {
        "quiet": true,
        "reportFilename": "mochawesome",
        "saveHtml": true,
        "saveJson": true,
        "consoleReporter": "spec",
        "useInlineDiffs": false,
        "code": true
      },
      "version": "7.1.3"
    },
    "marge": {
      "options": {
        "reportDir": "cypress/reports/11-02-2024_12-05-07",
        "quiet": true,
        "overwrite": false,
        "html": true,
        "json": true
      },
      "version": "6.2.0"
    }
  }
}