{
  "stats": {
    "suites": 1,
    "tests": 4,
    "passes": 4,
    "pending": 0,
    "failures": 0,
    "start": "2024-02-11T15:05:27.895Z",
    "end": "2024-02-11T15:05:50.492Z",
    "duration": 22597,
    "testsRegistered": 4,
    "passPercent": 100,
    "pendingPercent": 0,
    "other": 0,
    "hasOther": false,
    "skipped": 0,
    "hasSkipped": false
  },
  "results": [
    {
      "uuid": "c6043ca0-61d7-4993-94b9-77b7efc63845",
      "title": "",
      "fullFile": "cypress\\e2e\\login.cy.js",
      "file": "cypress\\e2e\\login.cy.js",
      "beforeHooks": [],
      "afterHooks": [],
      "tests": [],
      "suites": [
        {
          "uuid": "cee62e9d-6157-47ff-838f-ca22d38757ff",
          "title": "Cenário Login",
          "fullFile": "",
          "file": "",
          "beforeHooks": [],
          "afterHooks": [],
          "tests": [
            {
              "title": "Fluxos de Login",
              "fullTitle": "Cenário Login Fluxos de Login",
              "timedOut": null,
              "duration": 8903,
              "state": "passed",
              "speed": "medium",
              "pass": true,
              "fail": false,
              "pending": false,
              "context": null,
              "code": "cy.login();",
              "err": {},
              "uuid": "26a813c7-e34b-4c20-a0a5-e7afd4b59fb3",
              "parentUUID": "cee62e9d-6157-47ff-838f-ca22d38757ff",
              "isHook": false,
              "skipped": false
            },
            {
              "title": "Login Caminho Feliz",
              "fullTitle": "Cenário Login Login Caminho Feliz",
              "timedOut": null,
              "duration": 5140,
              "state": "passed",
              "speed": "medium",
              "pass": true,
              "fail": false,
              "pending": false,
              "context": null,
              "code": "cy.loginCaminhoFeliz();",
              "err": {},
              "uuid": "23603ee1-915b-4eeb-8f88-0a1156d395ab",
              "parentUUID": "cee62e9d-6157-47ff-838f-ca22d38757ff",
              "isHook": false,
              "skipped": false
            },
            {
              "title": "Login Usuário Inválido",
              "fullTitle": "Cenário Login Login Usuário Inválido",
              "timedOut": null,
              "duration": 3905,
              "state": "passed",
              "speed": "fast",
              "pass": true,
              "fail": false,
              "pending": false,
              "context": null,
              "code": "cy.loginUsuárioInválido();",
              "err": {},
              "uuid": "66a4c00a-c0f7-4809-9f9f-0201625b5bb5",
              "parentUUID": "cee62e9d-6157-47ff-838f-ca22d38757ff",
              "isHook": false,
              "skipped": false
            },
            {
              "title": "Login Senha Inválida",
              "fullTitle": "Cenário Login Login Senha Inválida",
              "timedOut": null,
              "duration": 4104,
              "state": "passed",
              "speed": "fast",
              "pass": true,
              "fail": false,
              "pending": false,
              "context": null,
              "code": "cy.loginSenhaInvalida();",
              "err": {},
              "uuid": "91af3771-0015-4a91-829c-d873ba089084",
              "parentUUID": "cee62e9d-6157-47ff-838f-ca22d38757ff",
              "isHook": false,
              "skipped": false
            }
          ],
          "suites": [],
          "passes": [
            "26a813c7-e34b-4c20-a0a5-e7afd4b59fb3",
            "23603ee1-915b-4eeb-8f88-0a1156d395ab",
            "66a4c00a-c0f7-4809-9f9f-0201625b5bb5",
            "91af3771-0015-4a91-829c-d873ba089084"
          ],
          "failures": [],
          "pending": [],
          "skipped": [],
          "duration": 22052,
          "root": false,
          "rootEmpty": false,
          "_timeout": 2000
        }
      ],
      "passes": [],
      "failures": [],
      "pending": [],
      "skipped": [],
      "duration": 0,
      "root": true,
      "rootEmpty": true,
      "_timeout": 2000
    }
  ],
  "meta": {
    "mocha": {
      "version": "7.0.1"
    },
    "mochawesome": {
      "options": {
        "quiet": true,
        "reportFilename": "mochawesome",
        "saveHtml": true,
        "saveJson": true,
        "consoleReporter": "spec",
        "useInlineDiffs": false,
        "code": true
      },
      "version": "7.1.3"
    },
    "marge": {
      "options": {
        "reportDir": "cypress/reports/11-02-2024_12-05-07",
        "quiet": true,
        "overwrite": false,
        "html": true,
        "json": true
      },
      "version": "6.2.0"
    }
  }
}