{
  "stats": {
    "suites": 1,
    "tests": 4,
    "passes": 4,
    "pending": 0,
    "failures": 0,
    "start": "2024-02-09T20:22:02.414Z",
    "end": "2024-02-09T20:22:23.342Z",
    "duration": 20928,
    "testsRegistered": 4,
    "passPercent": 100,
    "pendingPercent": 0,
    "other": 0,
    "hasOther": false,
    "skipped": 0,
    "hasSkipped": false
  },
  "results": [
    {
      "uuid": "08fc7b30-ad48-41b9-82f1-03d00e209eb7",
      "title": "",
      "fullFile": "cypress\\e2e\\login.cy.js",
      "file": "cypress\\e2e\\login.cy.js",
      "beforeHooks": [],
      "afterHooks": [],
      "tests": [],
      "suites": [
        {
          "uuid": "6c27da88-a252-4e01-acea-b0dc2fe61156",
          "title": "Template Login",
          "fullFile": "",
          "file": "",
          "beforeHooks": [],
          "afterHooks": [],
          "tests": [
            {
              "title": "Fluxos de Login",
              "fullTitle": "Template Login Fluxos de Login",
              "timedOut": null,
              "duration": 7873,
              "state": "passed",
              "speed": "medium",
              "pass": true,
              "fail": false,
              "pending": false,
              "context": null,
              "code": "cy.login();",
              "err": {},
              "uuid": "005fa9bb-6196-4855-8b56-18f446e23386",
              "parentUUID": "6c27da88-a252-4e01-acea-b0dc2fe61156",
              "isHook": false,
              "skipped": false
            },
            {
              "title": "Login Caminho Feliz",
              "fullTitle": "Template Login Login Caminho Feliz",
              "timedOut": null,
              "duration": 5549,
              "state": "passed",
              "speed": "medium",
              "pass": true,
              "fail": false,
              "pending": false,
              "context": null,
              "code": "cy.loginCaminhoFeliz();",
              "err": {},
              "uuid": "1ade55e0-9c0c-4844-8ee9-8b30f6c8a98d",
              "parentUUID": "6c27da88-a252-4e01-acea-b0dc2fe61156",
              "isHook": false,
              "skipped": false
            },
            {
              "title": "Login Usuário Inválido",
              "fullTitle": "Template Login Login Usuário Inválido",
              "timedOut": null,
              "duration": 3426,
              "state": "passed",
              "speed": "fast",
              "pass": true,
              "fail": false,
              "pending": false,
              "context": null,
              "code": "cy.loginUsuárioInválido();",
              "err": {},
              "uuid": "5c6649eb-bd21-4d19-81f8-de58de434024",
              "parentUUID": "6c27da88-a252-4e01-acea-b0dc2fe61156",
              "isHook": false,
              "skipped": false
            },
            {
              "title": "Login Senha Inválida",
              "fullTitle": "Template Login Login Senha Inválida",
              "timedOut": null,
              "duration": 3549,
              "state": "passed",
              "speed": "fast",
              "pass": true,
              "fail": false,
              "pending": false,
              "context": null,
              "code": "cy.loginSenhaInvalida();",
              "err": {},
              "uuid": "4a17684c-141e-4d60-8813-2df5bf1cf86a",
              "parentUUID": "6c27da88-a252-4e01-acea-b0dc2fe61156",
              "isHook": false,
              "skipped": false
            }
          ],
          "suites": [],
          "passes": [
            "005fa9bb-6196-4855-8b56-18f446e23386",
            "1ade55e0-9c0c-4844-8ee9-8b30f6c8a98d",
            "5c6649eb-bd21-4d19-81f8-de58de434024",
            "4a17684c-141e-4d60-8813-2df5bf1cf86a"
          ],
          "failures": [],
          "pending": [],
          "skipped": [],
          "duration": 20397,
          "root": false,
          "rootEmpty": false,
          "_timeout": 2000
        }
      ],
      "passes": [],
      "failures": [],
      "pending": [],
      "skipped": [],
      "duration": 0,
      "root": true,
      "rootEmpty": true,
      "_timeout": 2000
    }
  ],
  "meta": {
    "mocha": {
      "version": "7.0.1"
    },
    "mochawesome": {
      "options": {
        "quiet": true,
        "reportFilename": "mochawesome",
        "saveHtml": true,
        "saveJson": true,
        "consoleReporter": "spec",
        "useInlineDiffs": false,
        "code": true
      },
      "version": "7.1.3"
    },
    "marge": {
      "options": {
        "reportDir": "cypress/reports/09-02-2024_17-21-54",
        "quiet": true,
        "overwrite": false,
        "html": true,
        "json": true
      },
      "version": "6.2.0"
    }
  }
}