{
  "stats": {
    "suites": 1,
    "tests": 4,
    "passes": 4,
    "pending": 0,
    "failures": 0,
    "start": "2024-02-09T20:05:08.810Z",
    "end": "2024-02-09T20:05:42.666Z",
    "duration": 33856,
    "testsRegistered": 4,
    "passPercent": 100,
    "pendingPercent": 0,
    "other": 0,
    "hasOther": false,
    "skipped": 0,
    "hasSkipped": false
  },
  "results": [
    {
      "uuid": "04b1464b-c034-4687-ae19-583cbb0b255e",
      "title": "",
      "fullFile": "cypress\\e2e\\login.cy.js",
      "file": "cypress\\e2e\\login.cy.js",
      "beforeHooks": [],
      "afterHooks": [],
      "tests": [],
      "suites": [
        {
          "uuid": "bf55c550-9c40-4341-89da-c58cc74ddf13",
          "title": "Template Login",
          "fullFile": "",
          "file": "",
          "beforeHooks": [],
          "afterHooks": [],
          "tests": [
            {
              "title": "Fluxos de Login",
              "fullTitle": "Template Login Fluxos de Login",
              "timedOut": null,
              "duration": 8751,
              "state": "passed",
              "speed": "medium",
              "pass": true,
              "fail": false,
              "pending": false,
              "context": null,
              "code": "cy.login();",
              "err": {},
              "uuid": "150e8a79-00cb-43a8-926e-ac7abe0b1c07",
              "parentUUID": "bf55c550-9c40-4341-89da-c58cc74ddf13",
              "isHook": false,
              "skipped": false
            },
            {
              "title": "Login Caminho Feliz",
              "fullTitle": "Template Login Login Caminho Feliz",
              "timedOut": null,
              "duration": 17165,
              "state": "passed",
              "speed": "slow",
              "pass": true,
              "fail": false,
              "pending": false,
              "context": null,
              "code": "cy.loginCaminhoFeliz();",
              "err": {},
              "uuid": "53ed0919-b1de-4fc8-85c8-1fbaa3345eee",
              "parentUUID": "bf55c550-9c40-4341-89da-c58cc74ddf13",
              "isHook": false,
              "skipped": false
            },
            {
              "title": "Login Usuário Inválido",
              "fullTitle": "Template Login Login Usuário Inválido",
              "timedOut": null,
              "duration": 3934,
              "state": "passed",
              "speed": "fast",
              "pass": true,
              "fail": false,
              "pending": false,
              "context": null,
              "code": "cy.loginUsuárioInválido();",
              "err": {},
              "uuid": "12bd6139-e9e3-4d66-b709-43975a8b33c8",
              "parentUUID": "bf55c550-9c40-4341-89da-c58cc74ddf13",
              "isHook": false,
              "skipped": false
            },
            {
              "title": "Login Senha Inválida",
              "fullTitle": "Template Login Login Senha Inválida",
              "timedOut": null,
              "duration": 3593,
              "state": "passed",
              "speed": "fast",
              "pass": true,
              "fail": false,
              "pending": false,
              "context": null,
              "code": "cy.loginSenhaInvalida();",
              "err": {},
              "uuid": "1c44c796-4d00-4b2b-a8c1-65afa8648308",
              "parentUUID": "bf55c550-9c40-4341-89da-c58cc74ddf13",
              "isHook": false,
              "skipped": false
            }
          ],
          "suites": [],
          "passes": [
            "150e8a79-00cb-43a8-926e-ac7abe0b1c07",
            "53ed0919-b1de-4fc8-85c8-1fbaa3345eee",
            "12bd6139-e9e3-4d66-b709-43975a8b33c8",
            "1c44c796-4d00-4b2b-a8c1-65afa8648308"
          ],
          "failures": [],
          "pending": [],
          "skipped": [],
          "duration": 33443,
          "root": false,
          "rootEmpty": false,
          "_timeout": 2000
        }
      ],
      "passes": [],
      "failures": [],
      "pending": [],
      "skipped": [],
      "duration": 0,
      "root": true,
      "rootEmpty": true,
      "_timeout": 2000
    }
  ],
  "meta": {
    "mocha": {
      "version": "7.0.1"
    },
    "mochawesome": {
      "options": {
        "quiet": true,
        "reportFilename": "mochawesome",
        "saveHtml": true,
        "saveJson": true,
        "consoleReporter": "spec",
        "useInlineDiffs": false,
        "code": true
      },
      "version": "7.1.3"
    },
    "marge": {
      "options": {
        "reportDir": "cypress/reports/09-02-2024_17-04-59",
        "quiet": true,
        "overwrite": false,
        "html": true,
        "json": true
      },
      "version": "6.2.0"
    }
  }
}