{
  "stats": {
    "suites": 1,
    "tests": 1,
    "passes": 0,
    "pending": 0,
    "failures": 1,
    "start": "2024-02-11T14:46:41.776Z",
    "end": "2024-02-11T14:46:49.285Z",
    "duration": 7509,
    "testsRegistered": 1,
    "passPercent": 0,
    "pendingPercent": 0,
    "other": 0,
    "hasOther": false,
    "skipped": 0,
    "hasSkipped": false
  },
  "results": [
    {
      "uuid": "73180797-454f-4b8b-9565-36d4e738ddc5",
      "title": "",
      "fullFile": "cypress\\e2e\\repository.cy.js",
      "file": "cypress\\e2e\\repository.cy.js",
      "beforeHooks": [],
      "afterHooks": [],
      "tests": [],
      "suites": [
        {
          "uuid": "5b537c6b-196c-41c2-ae90-17615fb86679",
          "title": "Cenário Repositório ",
          "fullFile": "",
          "file": "",
          "beforeHooks": [],
          "afterHooks": [],
          "tests": [
            {
              "title": "Criando Repositório",
              "fullTitle": "Cenário Repositório  Criando Repositório",
              "timedOut": null,
              "duration": 7252,
              "state": "failed",
              "speed": null,
              "pass": false,
              "fail": true,
              "pending": false,
              "context": null,
              "code": "cy.createRepository();",
              "err": {
                "message": "TypeError: cy.screeanshot is not a function",
                "estack": "TypeError: cy.screeanshot is not a function\n    at Context.eval (webpack://yes/./cypress/support/Test Black Box/repository.js:10:7)",
                "diff": null
              },
              "uuid": "e7e1fd2c-c5ad-41b5-8a68-232c49c1caf5",
              "parentUUID": "5b537c6b-196c-41c2-ae90-17615fb86679",
              "isHook": false,
              "skipped": false
            }
          ],
          "suites": [],
          "passes": [],
          "failures": [
            "e7e1fd2c-c5ad-41b5-8a68-232c49c1caf5"
          ],
          "pending": [],
          "skipped": [],
          "duration": 7252,
          "root": false,
          "rootEmpty": false,
          "_timeout": 2000
        }
      ],
      "passes": [],
      "failures": [],
      "pending": [],
      "skipped": [],
      "duration": 0,
      "root": true,
      "rootEmpty": true,
      "_timeout": 2000
    }
  ],
  "meta": {
    "mocha": {
      "version": "7.0.1"
    },
    "mochawesome": {
      "options": {
        "quiet": true,
        "reportFilename": "mochawesome",
        "saveHtml": true,
        "saveJson": true,
        "consoleReporter": "spec",
        "useInlineDiffs": false,
        "code": true
      },
      "version": "7.1.3"
    },
    "marge": {
      "options": {
        "reportDir": "cypress/reports/11-02-2024_11-45-39",
        "quiet": true,
        "overwrite": false,
        "html": true,
        "json": true
      },
      "version": "6.2.0"
    }
  }
}