{
  "stats": {
    "suites": 1,
    "tests": 1,
    "passes": 0,
    "pending": 0,
    "failures": 1,
    "start": "2024-02-13T01:43:18.555Z",
    "end": "2024-02-13T01:43:31.320Z",
    "duration": 12765,
    "testsRegistered": 1,
    "passPercent": 0,
    "pendingPercent": 0,
    "other": 0,
    "hasOther": false,
    "skipped": 0,
    "hasSkipped": false
  },
  "results": [
    {
      "uuid": "fbc37647-a20a-400e-92ac-e166d6cce605",
      "title": "",
      "fullFile": "cypress\\e2e\\nav.cy.js",
      "file": "cypress\\e2e\\nav.cy.js",
      "beforeHooks": [],
      "afterHooks": [],
      "tests": [],
      "suites": [
        {
          "uuid": "8e9ba5b0-6682-49a4-8caa-3bbeeaf2d4da",
          "title": "Cenário Repositório ",
          "fullFile": "",
          "file": "",
          "beforeHooks": [],
          "afterHooks": [],
          "tests": [
            {
              "title": "Navegação Sidebar",
              "fullTitle": "Cenário Repositório  Navegação Sidebar",
              "timedOut": null,
              "duration": 12678,
              "state": "failed",
              "speed": null,
              "pass": false,
              "fail": true,
              "pending": false,
              "context": null,
              "code": "cy.navSidebarProfile();",
              "err": {
                "message": "AssertionError: Timed out retrying after 4000ms: Expected to find element: `.Button-label > .avatar`, but never found it.",
                "estack": "AssertionError: Timed out retrying after 4000ms: Expected to find element: `.Button-label > .avatar`, but never found it.\n    at Context.eval (webpack://yes/./cypress/support/Test Black Box/nav.js:2:7)",
                "diff": null
              },
              "uuid": "e914df0d-5749-4396-84aa-fec6c765d89a",
              "parentUUID": "8e9ba5b0-6682-49a4-8caa-3bbeeaf2d4da",
              "isHook": false,
              "skipped": false
            }
          ],
          "suites": [],
          "passes": [],
          "failures": [
            "e914df0d-5749-4396-84aa-fec6c765d89a"
          ],
          "pending": [],
          "skipped": [],
          "duration": 12678,
          "root": false,
          "rootEmpty": false,
          "_timeout": 2000
        }
      ],
      "passes": [],
      "failures": [],
      "pending": [],
      "skipped": [],
      "duration": 0,
      "root": true,
      "rootEmpty": true,
      "_timeout": 2000
    }
  ],
  "meta": {
    "mocha": {
      "version": "7.0.1"
    },
    "mochawesome": {
      "options": {
        "quiet": true,
        "reportFilename": "mochawesome",
        "saveHtml": true,
        "saveJson": true,
        "consoleReporter": "spec",
        "useInlineDiffs": false,
        "code": true
      },
      "version": "7.1.3"
    },
    "marge": {
      "options": {
        "reportDir": "cypress/reports/12-02-2024_22-42-14",
        "quiet": true,
        "overwrite": false,
        "html": true,
        "json": true
      },
      "version": "6.2.0"
    }
  }
}