{
  "stats": {
    "suites": 1,
    "tests": 4,
    "passes": 4,
    "pending": 0,
    "failures": 0,
    "start": "2024-02-11T15:08:23.672Z",
    "end": "2024-02-11T15:08:45.348Z",
    "duration": 21676,
    "testsRegistered": 4,
    "passPercent": 100,
    "pendingPercent": 0,
    "other": 0,
    "hasOther": false,
    "skipped": 0,
    "hasSkipped": false
  },
  "results": [
    {
      "uuid": "d5752a85-655f-4524-9be9-ea15dc00ec05",
      "title": "",
      "fullFile": "cypress\\e2e\\login.cy.js",
      "file": "cypress\\e2e\\login.cy.js",
      "beforeHooks": [],
      "afterHooks": [],
      "tests": [],
      "suites": [
        {
          "uuid": "f76027ba-1fa2-499b-a93a-d83d7a87dfc3",
          "title": "Cenário Login",
          "fullFile": "",
          "file": "",
          "beforeHooks": [],
          "afterHooks": [],
          "tests": [
            {
              "title": "Fluxos de Login",
              "fullTitle": "Cenário Login Fluxos de Login",
              "timedOut": null,
              "duration": 8021,
              "state": "passed",
              "speed": "medium",
              "pass": true,
              "fail": false,
              "pending": false,
              "context": null,
              "code": "cy.login();",
              "err": {},
              "uuid": "08737e33-7859-4413-be62-5c4687c5181d",
              "parentUUID": "f76027ba-1fa2-499b-a93a-d83d7a87dfc3",
              "isHook": false,
              "skipped": false
            },
            {
              "title": "Login Caminho Feliz",
              "fullTitle": "Cenário Login Login Caminho Feliz",
              "timedOut": null,
              "duration": 5082,
              "state": "passed",
              "speed": "medium",
              "pass": true,
              "fail": false,
              "pending": false,
              "context": null,
              "code": "cy.loginCaminhoFeliz();",
              "err": {},
              "uuid": "93746532-2e71-45f4-8244-e60c0644542e",
              "parentUUID": "f76027ba-1fa2-499b-a93a-d83d7a87dfc3",
              "isHook": false,
              "skipped": false
            },
            {
              "title": "Login Usuário Inválido",
              "fullTitle": "Cenário Login Login Usuário Inválido",
              "timedOut": null,
              "duration": 3884,
              "state": "passed",
              "speed": "fast",
              "pass": true,
              "fail": false,
              "pending": false,
              "context": null,
              "code": "cy.loginUsuárioInválido();",
              "err": {},
              "uuid": "ec013e8f-6a34-4730-bfb2-981fea2eafc4",
              "parentUUID": "f76027ba-1fa2-499b-a93a-d83d7a87dfc3",
              "isHook": false,
              "skipped": false
            },
            {
              "title": "Login Senha Inválida",
              "fullTitle": "Cenário Login Login Senha Inválida",
              "timedOut": null,
              "duration": 4150,
              "state": "passed",
              "speed": "fast",
              "pass": true,
              "fail": false,
              "pending": false,
              "context": null,
              "code": "cy.loginSenhaInvalida();",
              "err": {},
              "uuid": "b170197f-c973-4100-8626-d50c4a259595",
              "parentUUID": "f76027ba-1fa2-499b-a93a-d83d7a87dfc3",
              "isHook": false,
              "skipped": false
            }
          ],
          "suites": [],
          "passes": [
            "08737e33-7859-4413-be62-5c4687c5181d",
            "93746532-2e71-45f4-8244-e60c0644542e",
            "ec013e8f-6a34-4730-bfb2-981fea2eafc4",
            "b170197f-c973-4100-8626-d50c4a259595"
          ],
          "failures": [],
          "pending": [],
          "skipped": [],
          "duration": 21137,
          "root": false,
          "rootEmpty": false,
          "_timeout": 2000
        }
      ],
      "passes": [],
      "failures": [],
      "pending": [],
      "skipped": [],
      "duration": 0,
      "root": true,
      "rootEmpty": true,
      "_timeout": 2000
    }
  ],
  "meta": {
    "mocha": {
      "version": "7.0.1"
    },
    "mochawesome": {
      "options": {
        "quiet": true,
        "reportFilename": "mochawesome",
        "saveHtml": true,
        "saveJson": true,
        "consoleReporter": "spec",
        "useInlineDiffs": false,
        "code": true
      },
      "version": "7.1.3"
    },
    "marge": {
      "options": {
        "reportDir": "cypress/reports/11-02-2024_12-08-05",
        "quiet": true,
        "overwrite": false,
        "html": true,
        "json": true
      },
      "version": "6.2.0"
    }
  }
}