{
  "stats": {
    "suites": 1,
    "tests": 1,
    "passes": 1,
    "pending": 0,
    "failures": 0,
    "start": "2024-02-14T14:39:49.450Z",
    "end": "2024-02-14T14:39:59.576Z",
    "duration": 10126,
    "testsRegistered": 1,
    "passPercent": 100,
    "pendingPercent": 0,
    "other": 0,
    "hasOther": false,
    "skipped": 0,
    "hasSkipped": false
  },
  "results": [
    {
      "uuid": "ac7367e3-af53-4148-9c19-b4cae2e6bc97",
      "title": "",
      "fullFile": "cypress\\e2e\\repository.cy.js",
      "file": "cypress\\e2e\\repository.cy.js",
      "beforeHooks": [],
      "afterHooks": [],
      "tests": [],
      "suites": [
        {
          "uuid": "7e98ebcd-5958-435a-a545-4f57baaaf2fc",
          "title": "Cenário Repositório ",
          "fullFile": "",
          "file": "",
          "beforeHooks": [],
          "afterHooks": [],
          "tests": [
            {
              "title": "Criando Repositório",
              "fullTitle": "Cenário Repositório  Criando Repositório",
              "timedOut": null,
              "duration": 9935,
              "state": "passed",
              "speed": "medium",
              "pass": true,
              "fail": false,
              "pending": false,
              "context": null,
              "code": "cy.createRepository();\ncy.ConfirmFieldsCreate();",
              "err": {},
              "uuid": "050b354e-dbc3-48f8-94e7-8d87ab46838d",
              "parentUUID": "7e98ebcd-5958-435a-a545-4f57baaaf2fc",
              "isHook": false,
              "skipped": false
            }
          ],
          "suites": [],
          "passes": [
            "050b354e-dbc3-48f8-94e7-8d87ab46838d"
          ],
          "failures": [],
          "pending": [],
          "skipped": [],
          "duration": 9935,
          "root": false,
          "rootEmpty": false,
          "_timeout": 2000
        }
      ],
      "passes": [],
      "failures": [],
      "pending": [],
      "skipped": [],
      "duration": 0,
      "root": true,
      "rootEmpty": true,
      "_timeout": 2000
    }
  ],
  "meta": {
    "mocha": {
      "version": "7.0.1"
    },
    "mochawesome": {
      "options": {
        "quiet": true,
        "reportFilename": "mochawesome",
        "saveHtml": true,
        "saveJson": true,
        "consoleReporter": "spec",
        "useInlineDiffs": false,
        "code": true
      },
      "version": "7.1.3"
    },
    "marge": {
      "options": {
        "reportDir": "cypress/reports/14-02-2024_11-38-10",
        "quiet": true,
        "overwrite": false,
        "html": true,
        "json": true
      },
      "version": "6.2.0"
    }
  }
}