{
  "stats": {
    "suites": 1,
    "tests": 5,
    "passes": 5,
    "pending": 0,
    "failures": 0,
    "start": "2024-02-14T14:38:59.028Z",
    "end": "2024-02-14T14:39:41.863Z",
    "duration": 42835,
    "testsRegistered": 5,
    "passPercent": 100,
    "pendingPercent": 0,
    "other": 0,
    "hasOther": false,
    "skipped": 0,
    "hasSkipped": false
  },
  "results": [
    {
      "uuid": "c5417f75-0e3d-4951-b0dc-e0cc787a2482",
      "title": "",
      "fullFile": "cypress\\e2e\\nav.cy.js",
      "file": "cypress\\e2e\\nav.cy.js",
      "beforeHooks": [],
      "afterHooks": [],
      "tests": [],
      "suites": [
        {
          "uuid": "bea9d42a-e380-4c95-a003-955749d4fa2b",
          "title": "Cenário Navegação Sidebar ",
          "fullFile": "",
          "file": "",
          "beforeHooks": [],
          "afterHooks": [],
          "tests": [
            {
              "title": "Perfil",
              "fullTitle": "Cenário Navegação Sidebar  Perfil",
              "timedOut": null,
              "duration": 11585,
              "state": "passed",
              "speed": "slow",
              "pass": true,
              "fail": false,
              "pending": false,
              "context": null,
              "code": "cy.navSidebarProfile();\ncy.navRepository();\ncy.navProjects();",
              "err": {},
              "uuid": "9c7db664-5d4a-46cb-8f43-1f65c9132d4d",
              "parentUUID": "bea9d42a-e380-4c95-a003-955749d4fa2b",
              "isHook": false,
              "skipped": false
            },
            {
              "title": "Configurações",
              "fullTitle": "Cenário Navegação Sidebar  Configurações",
              "timedOut": null,
              "duration": 7954,
              "state": "passed",
              "speed": "medium",
              "pass": true,
              "fail": false,
              "pending": false,
              "context": null,
              "code": "cy.navSettings();\ncy.navSettingsEmail();",
              "err": {},
              "uuid": "ad8bef71-caf2-4bcd-af4e-bad15545caf8",
              "parentUUID": "bea9d42a-e380-4c95-a003-955749d4fa2b",
              "isHook": false,
              "skipped": false
            },
            {
              "title": "Github Suporte",
              "fullTitle": "Cenário Navegação Sidebar  Github Suporte",
              "timedOut": null,
              "duration": 9109,
              "state": "passed",
              "speed": "medium",
              "pass": true,
              "fail": false,
              "pending": false,
              "context": null,
              "code": "cy.navGithubSuport();",
              "err": {},
              "uuid": "dd2c16f1-1255-49f6-9100-1f8c5ac0b3ad",
              "parentUUID": "bea9d42a-e380-4c95-a003-955749d4fa2b",
              "isHook": false,
              "skipped": false
            },
            {
              "title": "Github Docs",
              "fullTitle": "Cenário Navegação Sidebar  Github Docs",
              "timedOut": null,
              "duration": 6847,
              "state": "passed",
              "speed": "medium",
              "pass": true,
              "fail": false,
              "pending": false,
              "context": null,
              "code": "cy.navGithubDocs();",
              "err": {},
              "uuid": "653e146a-1269-4359-8d3f-ca64a742169f",
              "parentUUID": "bea9d42a-e380-4c95-a003-955749d4fa2b",
              "isHook": false,
              "skipped": false
            },
            {
              "title": "Your Stars",
              "fullTitle": "Cenário Navegação Sidebar  Your Stars",
              "timedOut": null,
              "duration": 6717,
              "state": "passed",
              "speed": "medium",
              "pass": true,
              "fail": false,
              "pending": false,
              "context": null,
              "code": "cy.navYourStars();",
              "err": {},
              "uuid": "4c4718ec-176d-46a6-8f3d-8d8820d1de3e",
              "parentUUID": "bea9d42a-e380-4c95-a003-955749d4fa2b",
              "isHook": false,
              "skipped": false
            }
          ],
          "suites": [],
          "passes": [
            "9c7db664-5d4a-46cb-8f43-1f65c9132d4d",
            "ad8bef71-caf2-4bcd-af4e-bad15545caf8",
            "dd2c16f1-1255-49f6-9100-1f8c5ac0b3ad",
            "653e146a-1269-4359-8d3f-ca64a742169f",
            "4c4718ec-176d-46a6-8f3d-8d8820d1de3e"
          ],
          "failures": [],
          "pending": [],
          "skipped": [],
          "duration": 42212,
          "root": false,
          "rootEmpty": false,
          "_timeout": 2000
        }
      ],
      "passes": [],
      "failures": [],
      "pending": [],
      "skipped": [],
      "duration": 0,
      "root": true,
      "rootEmpty": true,
      "_timeout": 2000
    }
  ],
  "meta": {
    "mocha": {
      "version": "7.0.1"
    },
    "mochawesome": {
      "options": {
        "quiet": true,
        "reportFilename": "mochawesome",
        "saveHtml": true,
        "saveJson": true,
        "consoleReporter": "spec",
        "useInlineDiffs": false,
        "code": true
      },
      "version": "7.1.3"
    },
    "marge": {
      "options": {
        "reportDir": "cypress/reports/14-02-2024_11-38-10",
        "quiet": true,
        "overwrite": false,
        "html": true,
        "json": true
      },
      "version": "6.2.0"
    }
  }
}