{
  "stats": {
    "suites": 1,
    "tests": 2,
    "passes": 2,
    "pending": 0,
    "failures": 0,
    "start": "2024-02-16T12:42:09.706Z",
    "end": "2024-02-16T12:42:28.064Z",
    "duration": 18358,
    "testsRegistered": 2,
    "passPercent": 100,
    "pendingPercent": 0,
    "other": 0,
    "hasOther": false,
    "skipped": 0,
    "hasSkipped": false
  },
  "results": [
    {
      "uuid": "fdddff29-f363-4aad-b52c-673dd442a704",
      "title": "",
      "fullFile": "cypress\\e2e\\repository.cy.js",
      "file": "cypress\\e2e\\repository.cy.js",
      "beforeHooks": [],
      "afterHooks": [],
      "tests": [],
      "suites": [
        {
          "uuid": "2991dd5b-031c-4e60-9afa-5de69cd03d48",
          "title": "Cenário Repositório ",
          "fullFile": "",
          "file": "",
          "beforeHooks": [],
          "afterHooks": [],
          "tests": [
            {
              "title": "Confirmando campos internos da área de criação de Repositórios",
              "fullTitle": "Cenário Repositório  Confirmando campos internos da área de criação de Repositórios",
              "timedOut": null,
              "duration": 11214,
              "state": "passed",
              "speed": "slow",
              "pass": true,
              "fail": false,
              "pending": false,
              "context": null,
              "code": "cy.createRepository();",
              "err": {},
              "uuid": "cd34488e-1621-49fa-bfee-90d1a6468370",
              "parentUUID": "2991dd5b-031c-4e60-9afa-5de69cd03d48",
              "isHook": false,
              "skipped": false
            },
            {
              "title": "Confirmando campos cabeçalho área de criação de Repositórios",
              "fullTitle": "Cenário Repositório  Confirmando campos cabeçalho área de criação de Repositórios",
              "timedOut": null,
              "duration": 6738,
              "state": "passed",
              "speed": "medium",
              "pass": true,
              "fail": false,
              "pending": false,
              "context": null,
              "code": "cy.ConfirmHeaderCreate();",
              "err": {},
              "uuid": "94fea5db-2143-4185-90bd-9acda6bfcc08",
              "parentUUID": "2991dd5b-031c-4e60-9afa-5de69cd03d48",
              "isHook": false,
              "skipped": false
            }
          ],
          "suites": [],
          "passes": [
            "cd34488e-1621-49fa-bfee-90d1a6468370",
            "94fea5db-2143-4185-90bd-9acda6bfcc08"
          ],
          "failures": [],
          "pending": [],
          "skipped": [],
          "duration": 17952,
          "root": false,
          "rootEmpty": false,
          "_timeout": 2000
        }
      ],
      "passes": [],
      "failures": [],
      "pending": [],
      "skipped": [],
      "duration": 0,
      "root": true,
      "rootEmpty": true,
      "_timeout": 2000
    }
  ],
  "meta": {
    "mocha": {
      "version": "7.0.1"
    },
    "mochawesome": {
      "options": {
        "quiet": true,
        "reportFilename": "mochawesome",
        "saveHtml": true,
        "saveJson": true,
        "consoleReporter": "spec",
        "useInlineDiffs": false,
        "code": true
      },
      "version": "7.1.3"
    },
    "marge": {
      "options": {
        "reportDir": "cypress/reports/16-02-2024_09-41-21",
        "quiet": true,
        "overwrite": false,
        "html": true,
        "json": true
      },
      "version": "6.2.0"
    }
  }
}