{
  "stats": {
    "suites": 1,
    "tests": 1,
    "passes": 1,
    "pending": 0,
    "failures": 0,
    "start": "2024-02-11T14:48:56.860Z",
    "end": "2024-02-11T14:49:06.630Z",
    "duration": 9770,
    "testsRegistered": 1,
    "passPercent": 100,
    "pendingPercent": 0,
    "other": 0,
    "hasOther": false,
    "skipped": 0,
    "hasSkipped": false
  },
  "results": [
    {
      "uuid": "fc454ff2-c851-4ec6-a526-8dbad31c9575",
      "title": "",
      "fullFile": "cypress\\e2e\\repository.cy.js",
      "file": "cypress\\e2e\\repository.cy.js",
      "beforeHooks": [],
      "afterHooks": [],
      "tests": [],
      "suites": [
        {
          "uuid": "9a4cab24-ccda-423e-a133-c0bca8558f46",
          "title": "Cenário Repositório ",
          "fullFile": "",
          "file": "",
          "beforeHooks": [],
          "afterHooks": [],
          "tests": [
            {
              "title": "Criando Repositório",
              "fullTitle": "Cenário Repositório  Criando Repositório",
              "timedOut": null,
              "duration": 9610,
              "state": "passed",
              "speed": "medium",
              "pass": true,
              "fail": false,
              "pending": false,
              "context": null,
              "code": "cy.createRepository();",
              "err": {},
              "uuid": "491db7b8-13a7-4180-8fde-3ce7ffa92867",
              "parentUUID": "9a4cab24-ccda-423e-a133-c0bca8558f46",
              "isHook": false,
              "skipped": false
            }
          ],
          "suites": [],
          "passes": [
            "491db7b8-13a7-4180-8fde-3ce7ffa92867"
          ],
          "failures": [],
          "pending": [],
          "skipped": [],
          "duration": 9610,
          "root": false,
          "rootEmpty": false,
          "_timeout": 2000
        }
      ],
      "passes": [],
      "failures": [],
      "pending": [],
      "skipped": [],
      "duration": 0,
      "root": true,
      "rootEmpty": true,
      "_timeout": 2000
    }
  ],
  "meta": {
    "mocha": {
      "version": "7.0.1"
    },
    "mochawesome": {
      "options": {
        "quiet": true,
        "reportFilename": "mochawesome",
        "saveHtml": true,
        "saveJson": true,
        "consoleReporter": "spec",
        "useInlineDiffs": false,
        "code": true
      },
      "version": "7.1.3"
    },
    "marge": {
      "options": {
        "reportDir": "cypress/reports/11-02-2024_11-47-58",
        "quiet": true,
        "overwrite": false,
        "html": true,
        "json": true
      },
      "version": "6.2.0"
    }
  }
}