{
  "stats": {
    "suites": 1,
    "tests": 2,
    "passes": 2,
    "pending": 0,
    "failures": 0,
    "start": "2024-02-15T19:27:22.453Z",
    "end": "2024-02-15T19:27:39.128Z",
    "duration": 16675,
    "testsRegistered": 2,
    "passPercent": 100,
    "pendingPercent": 0,
    "other": 0,
    "hasOther": false,
    "skipped": 0,
    "hasSkipped": false
  },
  "results": [
    {
      "uuid": "420dfd39-c37a-42bb-a9e4-b29bff5d43a0",
      "title": "",
      "fullFile": "cypress\\e2e\\repository.cy.js",
      "file": "cypress\\e2e\\repository.cy.js",
      "beforeHooks": [],
      "afterHooks": [],
      "tests": [],
      "suites": [
        {
          "uuid": "42736bfe-7c30-459e-9d1a-0135fe1578b1",
          "title": "Cenário Repositório ",
          "fullFile": "",
          "file": "",
          "beforeHooks": [],
          "afterHooks": [],
          "tests": [
            {
              "title": "Confirmando campos internos da área de criação de Repositórios",
              "fullTitle": "Cenário Repositório  Confirmando campos internos da área de criação de Repositórios",
              "timedOut": null,
              "duration": 9826,
              "state": "passed",
              "speed": "medium",
              "pass": true,
              "fail": false,
              "pending": false,
              "context": null,
              "code": "cy.createRepository();",
              "err": {},
              "uuid": "d72ebc03-f4b6-4b1f-b332-83731469cd6f",
              "parentUUID": "42736bfe-7c30-459e-9d1a-0135fe1578b1",
              "isHook": false,
              "skipped": false
            },
            {
              "title": "Confirmando campos cabeçalho área de criação de Repositórios",
              "fullTitle": "Cenário Repositório  Confirmando campos cabeçalho área de criação de Repositórios",
              "timedOut": null,
              "duration": 6392,
              "state": "passed",
              "speed": "medium",
              "pass": true,
              "fail": false,
              "pending": false,
              "context": null,
              "code": "cy.ConfirmHeaderCreate();",
              "err": {},
              "uuid": "bac8248e-80aa-42e9-8617-7f89faffaf09",
              "parentUUID": "42736bfe-7c30-459e-9d1a-0135fe1578b1",
              "isHook": false,
              "skipped": false
            }
          ],
          "suites": [],
          "passes": [
            "d72ebc03-f4b6-4b1f-b332-83731469cd6f",
            "bac8248e-80aa-42e9-8617-7f89faffaf09"
          ],
          "failures": [],
          "pending": [],
          "skipped": [],
          "duration": 16218,
          "root": false,
          "rootEmpty": false,
          "_timeout": 2000
        }
      ],
      "passes": [],
      "failures": [],
      "pending": [],
      "skipped": [],
      "duration": 0,
      "root": true,
      "rootEmpty": true,
      "_timeout": 2000
    }
  ],
  "meta": {
    "mocha": {
      "version": "7.0.1"
    },
    "mochawesome": {
      "options": {
        "quiet": true,
        "reportFilename": "mochawesome",
        "saveHtml": true,
        "saveJson": true,
        "consoleReporter": "spec",
        "useInlineDiffs": false,
        "code": true
      },
      "version": "7.1.3"
    },
    "marge": {
      "options": {
        "reportDir": "cypress/reports/15-02-2024_16-26-34",
        "quiet": true,
        "overwrite": false,
        "html": true,
        "json": true
      },
      "version": "6.2.0"
    }
  }
}